<?xml version="1.0" encoding="UTF-8"?>
<testsuite name="org.makaia.clinica.PacienteServiceTest" tests="4" skipped="0" failures="0" errors="0" timestamp="2024-07-04T12:40:11" hostname="EPCOBOGW0330" time="1.528">
  <properties/>
  <testcase name="crearUsuarioCuandoExisteEnBd()" classname="org.makaia.clinica.PacienteServiceTest" time="1.513"/>
  <testcase name="crearUsuarioNuevo()" classname="org.makaia.clinica.PacienteServiceTest" time="0.007"/>
  <testcase name="crearPacienteCuandoNombreEsNulo()" classname="org.makaia.clinica.PacienteServiceTest" time="0.002"/>
  <testcase name="crearPacienteCuandoEsNulo()" classname="org.makaia.clinica.PacienteServiceTest" time="0.001"/>
  <system-out><![CDATA[]]></system-out>
  <system-err><![CDATA[]]></system-err>
</testsuite>
